<?xml version="1.0" encoding="UTF-8"?>
<!-- Generated by org.testng.reporters.JUnitReportReporter -->
<testsuite hostname="DESKTOP-H5NHACQ" failures="0" tests="1" name="Pactice.pom.repository.DeleteOrg" time="34.873" errors="0" timestamp="2024-08-13T10:53:45 IST" skipped="0">
  <testcase classname="Pactice.pom.repository.DeleteOrg" name="createOrgtest" time="34.873"/>
</testsuite> <!-- Pactice.pom.repository.DeleteOrg -->
