<?xml version="1.0" encoding="UTF-8"?>
<!-- Generated by org.testng.reporters.JUnitReportReporter -->
<testsuite hostname="DESKTOP-H5NHACQ" failures="0" tests="3" name="Pactice.TestNg.ContactTest1" time="0.030" errors="0" timestamp="2024-08-21T15:39:18 IST" skipped="0">
  <testcase classname="Pactice.TestNg.ContactTest1" name="modifycontact" time="0.010"/>
  <testcase classname="Pactice.TestNg.ContactTest1" name="deletecontact" time="0.005"/>
  <testcase classname="Pactice.TestNg.ContactTest1" name="createcontact" time="0.015"/>
</testsuite> <!-- Pactice.TestNg.ContactTest1 -->
