<?xml version="1.0" encoding="UTF-8"?>
<!-- Generated by org.testng.reporters.JUnitReportReporter -->
<testsuite hostname="DESKTOP-H5NHACQ" failures="0" tests="2" name="Pactice.TestNg.Createorg_config_annotation" time="0.012" errors="0" timestamp="2024-08-22T15:57:24 IST" skipped="0">
  <testcase classname="Pactice.TestNg.Createorg_config_annotation" name="createOrgTest" time="0.007"/>
  <testcase classname="Pactice.TestNg.Createorg_config_annotation" name="createOrgWithindustry" time="0.005"/>
</testsuite> <!-- Pactice.TestNg.Createorg_config_annotation -->
