<?xml version="1.0" encoding="UTF-8"?>
<!-- Generated by org.testng.reporters.JUnitReportReporter -->
<testsuite hostname="DESKTOP-H5NHACQ" failures="0" tests="1" name="PracticeDataDrivenTesting.ReaddatafromTestngxml" time="0.029" errors="0" timestamp="2024-08-03T10:08:15 IST" skipped="0">
  <testcase classname="PracticeDataDrivenTesting.ReaddatafromTestngxml" name="sampletest" time="0.029"/>
</testsuite> <!-- PracticeDataDrivenTesting.ReaddatafromTestngxml -->
