<?xml version="1.0" encoding="UTF-8"?>
<!-- Generated by org.testng.reporters.JUnitReportReporter -->
<testsuite hostname="DESKTOP-H5NHACQ" failures="0" tests="2" name="Pactice.TestNg.config_annotation" time="0.021" errors="0" timestamp="2024-08-22T15:57:24 IST" skipped="0">
  <testcase classname="Pactice.TestNg.config_annotation" name="createcontact" time="0.012"/>
  <testcase classname="Pactice.TestNg.config_annotation" name="createcontactwithdate" time="0.009"/>
</testsuite> <!-- Pactice.TestNg.config_annotation -->
