<?xml version="1.0" encoding="UTF-8"?>
<!-- Generated by org.testng.reporters.JUnitReportReporter -->
<testsuite hostname="DESKTOP-H5NHACQ" failures="0" tests="1" name="PracticeCreateORGTest.CreateOrganizationTest" time="24.621" errors="0" timestamp="2024-08-05T18:35:05 IST" skipped="0">
  <testcase classname="PracticeCreateORGTest.CreateOrganizationTest" name="createOrgWithphonenumber" time="24.621"/>
</testsuite> <!-- PracticeCreateORGTest.CreateOrganizationTest -->
