<?xml version="1.0" encoding="UTF-8"?>
<!-- Generated by org.testng.reporters.JUnitReportReporter -->
<testsuite hostname="DESKTOP-H5NHACQ" failures="0" tests="1" name="PracticeGenericUtility.Createcontact.CreatecontactTestwithUtility" time="21.748" errors="0" timestamp="2024-08-08T15:38:38 IST" skipped="0">
  <testcase classname="PracticeGenericUtility.Createcontact.CreatecontactTestwithUtility" name="createcontacTtest" time="21.748"/>
</testsuite> <!-- PracticeGenericUtility.Createcontact.CreatecontactTestwithUtility -->
