<?xml version="1.0" encoding="UTF-8"?>
<!-- Generated by org.testng.reporters.JUnitReportReporter -->
<testsuite hostname="DESKTOP-H5NHACQ" failures="0" tests="1" name="PracticeDataDrivenTesting.readruntimemavenparameter" time="0.024" errors="0" timestamp="2024-08-05T22:47:36 IST" skipped="0">
  <testcase classname="PracticeDataDrivenTesting.readruntimemavenparameter" name="runtimemavenparameter" time="0.024"/>
</testsuite> <!-- PracticeDataDrivenTesting.readruntimemavenparameter -->
