<?xml version="1.0" encoding="UTF-8"?>
<!-- Generated by org.testng.reporters.JUnitReportReporter -->
<testsuite hostname="DESKTOP-H5NHACQ" failures="0" tests="3" name="Pactice.TestNg.createcontact_DP_Test2" time="0.032" errors="0" timestamp="2024-08-22T10:37:26 IST" skipped="0">
  <testcase classname="Pactice.TestNg.createcontact_DP_Test2" name="createcontactTest" time="0.007"/>
  <testcase classname="Pactice.TestNg.createcontact_DP_Test2" name="createcontactTest" time="0.014"/>
  <testcase classname="Pactice.TestNg.createcontact_DP_Test2" name="createcontactTest" time="0.011"/>
</testsuite> <!-- Pactice.TestNg.createcontact_DP_Test2 -->
