<?xml version="1.0" encoding="UTF-8"?>
<!-- Generated by org.testng.reporters.JUnitReportReporter -->
<testsuite hostname="DESKTOP-H5NHACQ" failures="0" tests="3" name="Pactice.TestNg.GetproductIntoTest_DP_Realtime" time="40.634" errors="0" timestamp="2024-08-22T12:26:43 IST" skipped="0">
  <testcase classname="Pactice.TestNg.GetproductIntoTest_DP_Realtime" name="getProductInfoTest" time="14.757"/>
  <testcase classname="Pactice.TestNg.GetproductIntoTest_DP_Realtime" name="getProductInfoTest" time="11.206"/>
  <testcase classname="Pactice.TestNg.GetproductIntoTest_DP_Realtime" name="getProductInfoTest" time="14.671"/>
</testsuite> <!-- Pactice.TestNg.GetproductIntoTest_DP_Realtime -->
