<?xml version="1.0" encoding="UTF-8"?>
<!-- Generated by org.testng.reporters.JUnitReportReporter -->
<testsuite hostname="DESKTOP-H5NHACQ" failures="0" tests="3" name="Practice_ExtentReport.sample_ExtentReport" time="0.039" errors="0" timestamp="2024-09-09T12:48:08 IST" skipped="0">
  <testcase classname="Practice_ExtentReport.sample_ExtentReport" name="createContact" time="0.024"/>
  <testcase classname="Practice_ExtentReport.sample_ExtentReport" name="createContactWithORG" time="0.011"/>
  <testcase classname="Practice_ExtentReport.sample_ExtentReport" name="createContactWithPhoneNum" time="0.004"/>
</testsuite> <!-- Practice_ExtentReport.sample_ExtentReport -->
