<?xml version="1.0" encoding="UTF-8"?>
<!-- Generated by org.testng.reporters.JUnitReportReporter -->
<testsuite hostname="DESKTOP-H5NHACQ" failures="0" tests="1" name="Practice_AttachScreenshot_TO_ExtentReport.AttachScreenshot_TO_Report" time="5.307" errors="0" timestamp="2024-09-09T17:22:16 IST" skipped="0">
  <testcase classname="Practice_AttachScreenshot_TO_ExtentReport.AttachScreenshot_TO_Report" name="createcontact" time="5.307"/>
</testsuite> <!-- Practice_AttachScreenshot_TO_ExtentReport.AttachScreenshot_TO_Report -->
