<?xml version="1.0" encoding="UTF-8"?>
<!-- Generated by org.testng.reporters.JUnitReportReporter -->
<testsuite hostname="DESKTOP-H5NHACQ" failures="0" tests="2" name="Pactice.TestNg.ContactTest" time="0.019" errors="0" timestamp="2024-08-21T11:39:50 IST" skipped="0">
  <testcase classname="Pactice.TestNg.ContactTest" name="CreateContact" time="0.016"/>
  <testcase classname="Pactice.TestNg.ContactTest" name="CreateContactwithMobileNumber" time="0.003"/>
</testsuite> <!-- Pactice.TestNg.ContactTest -->
