<?xml version="1.0" encoding="UTF-8"?>
<!-- Generated by org.testng.reporters.JUnitReportReporter -->
<testsuite hostname="DESKTOP-H5NHACQ" failures="0" tests="1" name="PracticeDataDrivenTesting.sampleunitTestcheckProjectInBackEnd" time="0.583" errors="0" timestamp="2024-08-03T15:42:26 IST" skipped="0">
  <testcase classname="PracticeDataDrivenTesting.sampleunitTestcheckProjectInBackEnd" name="studentchecktestcase" time="0.583"/>
</testsuite> <!-- PracticeDataDrivenTesting.sampleunitTestcheckProjectInBackEnd -->
