<?xml version="1.0" encoding="UTF-8"?>
<!-- Generated by org.testng.reporters.JUnitReportReporter -->
<testsuite hostname="DESKTOP-H5NHACQ" failures="0" tests="2" name="pactrice.phones" time="29.243" errors="0" timestamp="2024-08-07T10:51:56 IST" skipped="0">
  <testcase classname="pactrice.phones" name="Phones" time="15.491"/>
  <testcase classname="pactrice.phones" name="phone" time="13.752"/>
</testsuite> <!-- pactrice.phones -->
