<?xml version="1.0" encoding="UTF-8"?>
<!-- Generated by org.testng.reporters.JUnitReportReporter -->
<testsuite hostname="DESKTOP-H5NHACQ" failures="0" tests="1" name="comcast.crm.BaseclassImplementation.CreateOrganizationTest" time="125.850" errors="0" timestamp="2024-09-12T15:09:43 IST" skipped="0">
  <testcase classname="comcast.crm.BaseclassImplementation.CreateOrganizationTest" name="createOrgtest" time="125.850"/>
</testsuite> <!-- comcast.crm.BaseclassImplementation.CreateOrganizationTest -->
