<?xml version="1.0" encoding="UTF-8"?>
<!-- Generated by org.testng.reporters.JUnitReportReporter -->
<testsuite hostname="DESKTOP-H5NHACQ" failures="0" tests="1" name="PracticeDataDrivenTesting.ReadDataFRomDB" time="0.412" errors="0" timestamp="2024-08-03T15:14:10 IST" skipped="0">
  <testcase classname="PracticeDataDrivenTesting.ReadDataFRomDB" name="executeselectquery" time="0.412"/>
</testsuite> <!-- PracticeDataDrivenTesting.ReadDataFRomDB -->
