<?xml version="1.0" encoding="UTF-8"?>
<!-- Generated by org.testng.reporters.JUnitReportReporter -->
<testsuite hostname="DESKTOP-H5NHACQ" failures="0" tests="1" name="PracticeDataDrivenTesting.createorgwithjson" time="31.008" errors="0" timestamp="02 Aug 2024 11:50:56 GMT" skipped="0">
  <testcase classname="PracticeDataDrivenTesting.createorgwithjson" name="readdatacmd" time="31.008"/>
</testsuite> <!-- PracticeDataDrivenTesting.createorgwithjson -->
