<?xml version="1.0" encoding="UTF-8"?>
<!-- Generated by org.testng.reporters.JUnitReportReporter -->
<testsuite hostname="DESKTOP-H5NHACQ" failures="0" tests="1" name="PracticeDataDrivenTesting.createorgreadDataFromxml" time="26.847" errors="0" timestamp="2024-08-03T10:16:44 IST" skipped="0">
  <testcase classname="PracticeDataDrivenTesting.createorgreadDataFromxml" name="readdatafromxml" time="26.847"/>
</testsuite> <!-- PracticeDataDrivenTesting.createorgreadDataFromxml -->
