<?xml version="1.0" encoding="UTF-8"?>
<!-- Generated by org.testng.reporters.JUnitReportReporter -->
<testsuite hostname="DESKTOP-H5NHACQ" failures="0" tests="3" name="Pactice.TestNg.createcontact_DP_Test" time="0.016" errors="0" timestamp="2024-08-22T10:26:32 IST" skipped="0">
  <testcase classname="Pactice.TestNg.createcontact_DP_Test" name="createcontactTest" time="0.002"/>
  <testcase classname="Pactice.TestNg.createcontact_DP_Test" name="createcontactTest" time="0.003"/>
  <testcase classname="Pactice.TestNg.createcontact_DP_Test" name="createcontactTest" time="0.011"/>
</testsuite> <!-- Pactice.TestNg.createcontact_DP_Test -->
