<?xml version="1.0" encoding="UTF-8"?>
<!-- Generated by org.testng.reporters.JUnitReportReporter -->
<testsuite hostname="DESKTOP-H5NHACQ" failures="0" tests="1" name="comcast.crm.pomImplementation.CreatecontactTest" time="16.171" errors="0" timestamp="2024-09-12T10:54:25 IST" skipped="0">
  <testcase classname="comcast.crm.pomImplementation.CreatecontactTest" name="createcontacTtest" time="16.171"/>
</testsuite> <!-- comcast.crm.pomImplementation.CreatecontactTest -->
