<?xml version="1.0" encoding="UTF-8"?>
<!-- Generated by org.testng.reporters.JUnitReportReporter -->
<testsuite hostname="DESKTOP-H5NHACQ" failures="0" tests="10" name="Pactice.TestNg.OrderTest" time="0.048" errors="0" timestamp="2024-08-21T15:52:08 IST" skipped="0">
  <testcase classname="Pactice.TestNg.OrderTest" name="CreateorderTest" time="0.004"/>
  <testcase classname="Pactice.TestNg.OrderTest" name="CreateorderTest" time="0.004"/>
  <testcase classname="Pactice.TestNg.OrderTest" name="CreateorderTest" time="0.015"/>
  <testcase classname="Pactice.TestNg.OrderTest" name="CreateorderTest" time="0.005"/>
  <testcase classname="Pactice.TestNg.OrderTest" name="CreateorderTest" time="0.002"/>
  <testcase classname="Pactice.TestNg.OrderTest" name="CreateorderTest" time="0.004"/>
  <testcase classname="Pactice.TestNg.OrderTest" name="CreateorderTest" time="0.006"/>
  <testcase classname="Pactice.TestNg.OrderTest" name="CreateorderTest" time="0.004"/>
  <testcase classname="Pactice.TestNg.OrderTest" name="CreateorderTest" time="0.002"/>
  <testcase classname="Pactice.TestNg.OrderTest" name="CreateorderTest" time="0.002"/>
</testsuite> <!-- Pactice.TestNg.OrderTest -->
