<?xml version="1.0" encoding="UTF-8"?>
<!-- Generated by org.testng.reporters.JUnitReportReporter -->
<testsuite hostname="DESKTOP-H5NHACQ" failures="0" tests="2" name="Pactice.TestNg.SampleTest" time="0.024" errors="0" timestamp="2024-08-21T11:35:02 IST" skipped="0">
  <testcase classname="Pactice.TestNg.SampleTest" name="CreateContact" time="0.020"/>
  <testcase classname="Pactice.TestNg.SampleTest" name="CreateContactwithMobileNumber" time="0.004"/>
</testsuite> <!-- Pactice.TestNg.SampleTest -->
