<?xml version="1.0" encoding="UTF-8"?>
<!-- Generated by org.testng.reporters.JUnitReportReporter -->
<testsuite hostname="DESKTOP-H5NHACQ" failures="0" tests="3" name="comcast.crm.BaseclassImplementation.CreateContactTest" time="129.952" errors="0" timestamp="2024-09-05T16:03:08 IST" skipped="0">
  <testcase classname="comcast.crm.BaseclassImplementation.CreateContactTest" name="createcontactWithSupportDateTest" time="31.703"/>
  <testcase classname="comcast.crm.BaseclassImplementation.CreateContactTest" name="createcontactWithOrgTest" time="43.929"/>
  <testcase classname="comcast.crm.BaseclassImplementation.CreateContactTest" name="createcontacTtest" time="54.320"/>
</testsuite> <!-- comcast.crm.BaseclassImplementation.CreateContactTest -->
