<?xml version="1.0" encoding="UTF-8"?>
<!-- Generated by org.testng.reporters.JUnitReportReporter -->
<testsuite hostname="DESKTOP-H5NHACQ" failures="0" tests="2" name="Practice_Reports.sampleTest" time="0.021" errors="0" timestamp="2024-08-29T10:42:59 IST" skipped="0">
  <testcase classname="Practice_Reports.sampleTest" name="sampletest" time="0.017">
    <system-out>
      <![CDATA[sampletestTest Start
step-1
step-2
step-3
sampletestENDS Start]]>
    </system-out>
  </testcase> <!-- sampletest -->
  <testcase classname="Practice_Reports.sampleTest" name="sampletest1" time="0.004">
    <system-out>
      <![CDATA[sampletest1Test Start
step-1
step-2
step-3
sampletest1Ends test]]>
    </system-out>
  </testcase> <!-- sampletest1 -->
  <system-out>
    <![CDATA[sampletestTest Start
step-1
step-2
step-3
sampletestENDS Start
sampletest1Test Start
step-1
step-2
step-3
sampletest1Ends test]]>
  </system-out>
</testsuite> <!-- Practice_Reports.sampleTest -->
