<?xml version="1.0" encoding="UTF-8"?>
<!-- Generated by org.testng.reporters.JUnitReportReporter -->
<testsuite hostname="DESKTOP-H5NHACQ" failures="0" tests="1" name="Pactice.pom.repository.StaleElementwithPom" time="10.084" errors="0" timestamp="2024-08-12T17:56:45 IST" skipped="0">
  <testcase classname="Pactice.pom.repository.StaleElementwithPom" name="staleelement" time="10.084"/>
</testsuite> <!-- Pactice.pom.repository.StaleElementwithPom -->
