<?xml version="1.0" encoding="UTF-8"?>
<!-- Generated by org.testng.reporters.JUnitXMLReporter -->
<testsuite ignored="0" hostname="DESKTOP-H5NHACQ" failures="0" tests="3" name="Test-2" time="152.501" errors="0" timestamp="2024-09-05T16:03:08 IST">
  <testcase classname="comcast.crm.BaseclassImplementation.CreateContactTest" name="createcontacTtest" time="48.276"/>
  <testcase classname="comcast.crm.BaseclassImplementation.CreateContactTest" name="createcontactWithOrgTest" time="36.183"/>
  <testcase classname="comcast.crm.BaseclassImplementation.CreateContactTest" name="createcontactWithSupportDateTest" time="12.132"/>
</testsuite> <!-- Test-2 -->
