<?xml version="1.0" encoding="UTF-8"?>
<!-- Generated by org.testng.reporters.JUnitXMLReporter -->
<testsuite ignored="0" hostname="DESKTOP-H5NHACQ" failures="0" tests="3" name="Test-1" time="142.259" errors="0" timestamp="2024-09-05T16:02:58 IST">
  <testcase classname="comcast.crm.BaseclassImplementation.CreateOrganizationTest" name="createOrgWithIndustrytest" time="48.917"/>
  <testcase classname="comcast.crm.BaseclassImplementation.CreateOrganizationTest" name="createOrgWithphonenumber" time="17.178"/>
  <testcase classname="comcast.crm.BaseclassImplementation.CreateOrganizationTest" name="createOrgtest" time="16.819"/>
</testsuite> <!-- Test-1 -->
